------------------------------INICIO------------------------------
Execução nº
1

----------------------------
Horario atual do bot
2020-01-13 11:01:49.376845

Proximo post
2020-01-13 11:30:00

Diferença para setar o sleep
1690

----------------------------
Sleep Setado
2020-01-13 11:01:49.376992
Irá Postar
2020-01-13 11:30:04.477272

----------------------------

2020-02-21 00:00:00
2020-01-12 00:00:00
2020-01-13 11:30:04.477335
vazio
------------------------
365
89% ja se foi
------------------------
Faltam 3️⃣9️⃣ dias para o carnaval de 2020! 🎉🎊
89% do periodo.
postando no try
Postou! no horario:
2020-01-13 11:30:04.477335

------------------------------FIM------------------------------
------------------------------INICIO------------------------------
Execução nº
2

----------------------------
Horario atual do bot
2020-01-13 11:30:25.296583

Proximo post
2020-01-14 11:30:00

Diferença para setar o sleep
86374

----------------------------
Sleep Setado
2020-01-13 11:30:25.296871
Irá Postar
2020-01-14 11:30:04.358278

----------------------------

2020-02-21 00:00:00
2020-01-12 00:00:00
2020-01-14 11:30:04.358342
------------------------
365
89% ja se foi
------------------------
Faltam 3️⃣8️⃣ dias para o carnaval de 2020! 💃🎉🎊
89% do periodo.
postando no try
Postou! no horario:
2020-01-14 11:30:04.358342

------------------------------FIM------------------------------
------------------------------INICIO------------------------------
Execução nº
3

----------------------------
Horario atual do bot
2020-01-14 11:30:24.926685

Proximo post
2020-01-15 11:30:00

Diferença para setar o sleep
86375

----------------------------
Sleep Setado
2020-01-14 11:30:24.927054
Irá Postar
2020-01-15 11:30:04.974499

----------------------------

2020-02-21 00:00:00
2020-01-12 00:00:00
2020-01-15 11:30:04.974640
------------------------
365
89% ja se foi
------------------------
Faltam 3️⃣7️⃣ dias para o carnaval de 2020! 🌈🎉
89% do periodo.
postando no try
Postou! no horario:
2020-01-15 11:30:04.974640

------------------------------FIM------------------------------
------------------------------INICIO------------------------------
Execução nº
4

----------------------------
Horario atual do bot
2020-01-15 11:30:25.681391

Proximo post
2020-01-16 11:30:00

Diferença para setar o sleep
86374

----------------------------
Sleep Setado
2020-01-15 11:30:25.681735
Irá Postar
2020-01-16 11:30:04.782480

----------------------------

2020-02-21 00:00:00
2020-01-12 00:00:00
2020-01-16 11:30:04.782677
------------------------
365
90% ja se foi
------------------------
Faltam 3️⃣6️⃣ dias para o carnaval de 2020! 💃🎉
90% do periodo.
postando no try
Postou! no horario:
2020-01-16 11:30:04.782677

------------------------------FIM------------------------------
------------------------------INICIO------------------------------
Execução nº
5

----------------------------
Horario atual do bot
2020-01-16 11:30:25.444272

Proximo post
2020-01-17 11:30:00

Diferença para setar o sleep
86374

----------------------------
Sleep Setado
2020-01-16 11:30:25.444595
Irá Postar
2020-01-17 11:30:04.518338

----------------------------

2020-02-21 00:00:00
2020-01-12 00:00:00
2020-01-17 11:30:04.518456
------------------------
365
90% ja se foi
------------------------
Faltam 3️⃣5️⃣ dias para o carnaval de 2020! 🎆🎭
90% do periodo.
postando no try
Postou! no horario:
2020-01-17 11:30:04.518456

------------------------------FIM------------------------------
------------------------------INICIO------------------------------
Execução nº
6

----------------------------
Horario atual do bot
2020-01-17 11:30:25.272456

Proximo post
2020-01-18 11:30:00

Diferença para setar o sleep
86374

----------------------------
Sleep Setado
2020-01-17 11:30:25.272800
Irá Postar
2020-01-18 11:30:04.358789

----------------------------

2020-02-21 00:00:00
2020-01-12 00:00:00
2020-01-18 11:30:04.358997
------------------------
365
90% ja se foi
------------------------
Faltam 3️⃣4️⃣ dias para o carnaval de 2020! 💃🎉🎭
90% do periodo.
postando no try
Postou! no horario:
2020-01-18 11:30:04.358997

------------------------------FIM------------------------------
------------------------------INICIO------------------------------
Execução nº
7

----------------------------
Horario atual do bot
2020-01-18 11:30:24.999826

Proximo post
2020-01-19 11:30:00

Diferença para setar o sleep
86375

----------------------------
Sleep Setado
2020-01-18 11:30:25.000130
Irá Postar
2020-01-19 11:30:05.101263

----------------------------

2020-02-21 00:00:00
2020-01-12 00:00:00
2020-01-19 11:30:05.101476
------------------------
365
90% ja se foi
------------------------
Faltam 3️⃣3️⃣ dias para o carnaval de 2020! 🌈
90% do periodo.
postando no try
Postou! no horario:
2020-01-19 11:30:05.101476

------------------------------FIM------------------------------
------------------------------INICIO------------------------------
Execução nº
8

----------------------------
Horario atual do bot
2020-01-19 11:30:25.699646

Proximo post
2020-01-20 11:30:00

Diferença para setar o sleep
86374

----------------------------
Sleep Setado
2020-01-19 11:30:25.700007
Irá Postar
2020-01-20 11:30:04.762215

----------------------------

2020-02-21 00:00:00
2020-01-12 00:00:00
2020-01-20 11:30:04.762312
------------------------
365
91% ja se foi
------------------------
Faltam 3️⃣2️⃣ dias para o carnaval de 2020! 🌈
91% do periodo.
postando no try
Postou! no horario:
2020-01-20 11:30:04.762312

------------------------------FIM------------------------------
------------------------------INICIO------------------------------
Execução nº
9

----------------------------
Horario atual do bot
2020-01-20 11:30:25.350014

Proximo post
2020-01-21 11:30:00

Diferença para setar o sleep
86374

----------------------------
Sleep Setado
2020-01-20 11:30:25.350298
Irá Postar
2020-01-21 11:30:04.358112

----------------------------

2020-02-21 00:00:00
2020-01-12 00:00:00
2020-01-21 11:30:04.358193
------------------------
365
91% ja se foi
------------------------
Faltam 3️⃣1️⃣ dias para o carnaval de 2020! 🎆
91% do periodo.
postando no try
Postou! no horario:
2020-01-21 11:30:04.358193

------------------------------FIM------------------------------
------------------------------INICIO------------------------------
Execução nº
10

----------------------------
Horario atual do bot
2020-01-21 11:30:25.214561

Proximo post
2020-01-22 11:30:00

Diferença para setar o sleep
86374

----------------------------
Sleep Setado
2020-01-21 11:30:25.214937
Irá Postar
2020-01-22 11:30:04.283295

----------------------------

2020-02-21 00:00:00
2020-01-12 00:00:00
2020-01-22 11:30:04.283527
------------------------
365
91% ja se foi
------------------------
Faltam 3️⃣0️⃣ dias para o carnaval de 2020! 💃🎉
91% do periodo.
postando no try
Postou! no horario:
2020-01-22 11:30:04.283527

------------------------------FIM------------------------------
------------------------------INICIO------------------------------
Execução nº
11

----------------------------
Horario atual do bot
2020-01-22 11:30:24.964653

Proximo post
2020-01-23 11:30:00

Diferença para setar o sleep
86375

----------------------------
Sleep Setado
2020-01-22 11:30:24.964939
Irá Postar
2020-01-23 11:30:04.974324

----------------------------

2020-02-21 00:00:00
2020-01-12 00:00:00
2020-01-23 11:30:04.974400
------------------------
365
92% ja se foi
------------------------
Faltam 2️⃣9️⃣ dias para o carnaval de 2020! 💃
92% do periodo.
postando no try
Postou! no horario:
2020-01-23 11:30:04.974400

------------------------------FIM------------------------------
------------------------------INICIO------------------------------
Execução nº
12

----------------------------
Horario atual do bot
2020-01-23 11:30:25.759529

Proximo post
2020-01-24 11:30:00

Diferença para setar o sleep
86374

----------------------------
Sleep Setado
2020-01-23 11:30:25.759879
Irá Postar
2020-01-24 11:30:04.861359

----------------------------

2020-02-21 00:00:00
2020-01-12 00:00:00
2020-01-24 11:30:04.861661
------------------------
365
92% ja se foi
------------------------
Faltam 2️⃣8️⃣ dias para o carnaval de 2020! 💃
92% do periodo.
postando no try
Postou! no horario:
2020-01-24 11:30:04.861661

------------------------------FIM------------------------------
------------------------------INICIO------------------------------
Execução nº
13

----------------------------
Horario atual do bot
2020-01-24 11:30:25.448081

Proximo post
2020-01-25 11:30:00

Diferença para setar o sleep
86374

----------------------------
Sleep Setado
2020-01-24 11:30:25.448394
Irá Postar
2020-01-25 11:30:04.519429

----------------------------

2020-02-21 00:00:00
2020-01-12 00:00:00
2020-01-25 11:30:04.519772
------------------------
365
92% ja se foi
------------------------
Faltam 2️⃣7️⃣ dias para o carnaval de 2020! 💃
92% do periodo.
postando no try
Postou! no horario:
2020-01-25 11:30:04.519772

------------------------------FIM------------------------------
------------------------------INICIO------------------------------
Execução nº
14

----------------------------
Horario atual do bot
2020-01-25 11:30:25.139140

Proximo post
2020-01-26 11:30:00

Diferença para setar o sleep
86374

----------------------------
Sleep Setado
2020-01-25 11:30:25.139393
Irá Postar
2020-01-26 11:30:04.241226

----------------------------

2020-02-21 00:00:00
2020-01-12 00:00:00
2020-01-26 11:30:04.241560
------------------------
365
92% ja se foi
------------------------
Faltam 2️⃣6️⃣ dias para o carnaval de 2020! 🌈🎭
92% do periodo.
postando no try
Postou! no horario:
2020-01-26 11:30:04.241560

------------------------------FIM------------------------------
------------------------------INICIO------------------------------
Execução nº
15

----------------------------
Horario atual do bot
2020-01-26 11:30:24.942192

Proximo post
2020-01-27 11:30:00

Diferença para setar o sleep
86375

----------------------------
Sleep Setado
2020-01-26 11:30:24.942562
Irá Postar
2020-01-27 11:30:05.031204

----------------------------

2020-02-21 00:00:00
2020-01-12 00:00:00
2020-01-27 11:30:05.031479
------------------------
365
93% ja se foi
------------------------
Faltam 2️⃣5️⃣ dias para o carnaval de 2020! 🎉🎊
93% do periodo.
postando no try
Postou! no horario:
2020-01-27 11:30:05.031479

------------------------------FIM------------------------------
------------------------------INICIO------------------------------
Execução nº
16

----------------------------
Horario atual do bot
2020-01-27 11:30:25.627753

Proximo post
2020-01-28 11:30:00

Diferença para setar o sleep
86374

----------------------------
Sleep Setado
2020-01-27 11:30:25.628074
Irá Postar
2020-01-28 11:30:04.729888

----------------------------

2020-02-21 00:00:00
2020-01-12 00:00:00
2020-01-28 11:30:04.730212
------------------------
365
93% ja se foi
------------------------
Faltam 2️⃣4️⃣ dias para o carnaval de 2020! 💃🎉🎭
93% do periodo.
postando no try
Postou! no horario:
2020-01-28 11:30:04.730212

------------------------------FIM------------------------------
------------------------------INICIO------------------------------
Execução nº
17

----------------------------
Horario atual do bot
2020-01-28 11:30:25.446567

Proximo post
2020-01-29 11:30:00

Diferença para setar o sleep
86374

----------------------------
Sleep Setado
2020-01-28 11:30:25.447027
Irá Postar
2020-01-29 11:30:04.519490

----------------------------

2020-02-21 00:00:00
2020-01-12 00:00:00
2020-01-29 11:30:04.519828
------------------------
365
93% ja se foi
------------------------
Faltam 2️⃣3️⃣ dias para o carnaval de 2020! 🌈
93% do periodo.
postando no try
Postou! no horario:
2020-01-29 11:30:04.519828

------------------------------FIM------------------------------
------------------------------INICIO------------------------------
Execução nº
18

----------------------------
Horario atual do bot
2020-01-29 11:30:25.350169

Proximo post
2020-01-30 11:30:00

Diferença para setar o sleep
86374

----------------------------
Sleep Setado
2020-01-29 11:30:25.350523
Irá Postar
2020-01-30 11:30:04.359782

----------------------------

2020-02-21 00:00:00
2020-01-12 00:00:00
2020-01-30 11:30:04.360212
vazio
------------------------
365
93% ja se foi
------------------------
Faltam 2️⃣2️⃣ dias para o carnaval de 2020! 🎉🎊
93% do periodo.
postando no try
Postou! no horario:
2020-01-30 11:30:04.360212

------------------------------FIM------------------------------
------------------------------INICIO------------------------------
Execução nº
19

----------------------------
Horario atual do bot
2020-01-30 11:30:25.069184

Proximo post
2020-01-31 11:30:00

Diferença para setar o sleep
86374

----------------------------
Sleep Setado
2020-01-30 11:30:25.069549
Irá Postar
2020-01-31 11:30:04.171399

----------------------------

2020-02-21 00:00:00
2020-01-12 00:00:00
2020-01-31 11:30:04.171881
------------------------
365
94% ja se foi
------------------------
Faltam 2️⃣1️⃣ dias para o carnaval de 2020! 💃
94% do periodo.
postando no try
Postou! no horario:
2020-01-31 11:30:04.171881

------------------------------FIM------------------------------
------------------------------INICIO------------------------------
Execução nº
20

----------------------------
Horario atual do bot
2020-01-31 11:30:24.864909

Proximo post
2020-02-01 11:30:00

Diferença para setar o sleep
86375

----------------------------
Sleep Setado
2020-01-31 11:30:24.865329
Irá Postar
2020-02-01 11:30:04.903705

----------------------------

2020-02-21 00:00:00
2020-01-12 00:00:00
2020-02-01 11:30:04.904112
------------------------
365
94% ja se foi
------------------------
Faltam 2️⃣0️⃣ dias para o carnaval de 2020! 🌈🎉
94% do periodo.
postando no try
Postou! no horario:
2020-02-01 11:30:04.904112

------------------------------FIM------------------------------
------------------------------INICIO------------------------------
Execução nº
21

----------------------------
Horario atual do bot
2020-02-01 11:30:25.600721

Proximo post
2020-02-02 11:30:00

Diferença para setar o sleep
86374

----------------------------
Sleep Setado
2020-02-01 11:30:25.601111
Irá Postar
2020-02-02 11:30:04.703203

----------------------------

2020-02-21 00:00:00
2020-01-12 00:00:00
2020-02-02 11:30:04.703671
------------------------
365
94% ja se foi
------------------------
Faltam 1️⃣9️⃣ dias para o carnaval de 2020! 💃🎉🎊
94% do periodo.
postando no try
Postou! no horario:
2020-02-02 11:30:04.703671

------------------------------FIM------------------------------
------------------------------INICIO------------------------------
Execução nº
22

----------------------------
Horario atual do bot
2020-02-02 11:30:25.304342

Proximo post
2020-02-03 11:30:00

Diferença para setar o sleep
86374

----------------------------
Sleep Setado
2020-02-02 11:30:25.304711
Irá Postar
2020-02-03 11:30:04.359856

----------------------------

2020-02-21 00:00:00
2020-01-12 00:00:00
2020-02-03 11:30:04.360299
------------------------
365
95% ja se foi
------------------------
Faltam 1️⃣8️⃣ dias para o carnaval de 2020! 💃
95% do periodo.
postando no try
Postou! no horario:
2020-02-03 11:30:04.360299

------------------------------FIM------------------------------
------------------------------INICIO------------------------------
Execução nº
23

----------------------------
Horario atual do bot
2020-02-03 11:30:24.974249

Proximo post
2020-02-04 11:30:00

Diferença para setar o sleep
86375

----------------------------
Sleep Setado
2020-02-03 11:30:24.974539
Irá Postar
2020-02-04 11:30:05.076611

----------------------------

2020-02-21 00:00:00
2020-01-12 00:00:00
2020-02-04 11:30:05.076991
------------------------
365
95% ja se foi
------------------------
Faltam 1️⃣7️⃣ dias para o carnaval de 2020! 🎉
95% do periodo.
postando no try
Postou! no horario:
2020-02-04 11:30:05.076991

------------------------------FIM------------------------------
------------------------------INICIO------------------------------
Execução nº
24

----------------------------
Horario atual do bot
2020-02-04 11:30:25.741456

Proximo post
2020-02-05 11:30:00

Diferença para setar o sleep
86374

----------------------------
Sleep Setado
2020-02-04 11:30:25.743148
Irá Postar
2020-02-05 11:30:04.845104

----------------------------

2020-02-21 00:00:00
2020-01-12 00:00:00
2020-02-05 11:30:04.845466
------------------------
365
95% ja se foi
------------------------
Faltam 1️⃣6️⃣ dias para o carnaval de 2020! 🎉
95% do periodo.
postando no try
Postou! no horario:
2020-02-05 11:30:04.845466

------------------------------FIM------------------------------
------------------------------INICIO------------------------------
Execução nº
25

----------------------------
Horario atual do bot
2020-02-05 11:30:25.510062

Proximo post
2020-02-06 11:30:00

Diferença para setar o sleep
86374

----------------------------
Sleep Setado
2020-02-05 11:30:25.510431
Irá Postar
2020-02-06 11:30:04.520488

----------------------------

2020-02-21 00:00:00
2020-01-12 00:00:00
2020-02-06 11:30:04.520963
------------------------
365
95% ja se foi
------------------------
Faltam 1️⃣5️⃣ dias para o carnaval de 2020! 🎆🎭
95% do periodo.
postando no try
Postou! no horario:
2020-02-06 11:30:04.520963

------------------------------FIM------------------------------
------------------------------INICIO------------------------------
Execução nº
26

----------------------------
Horario atual do bot
2020-02-06 11:30:25.286357

Proximo post
2020-02-07 11:30:00

Diferença para setar o sleep
86374

----------------------------
Sleep Setado
2020-02-06 11:30:25.286707
Irá Postar
2020-02-07 11:30:04.360300

----------------------------

2020-02-21 00:00:00
2020-01-12 00:00:00
2020-02-07 11:30:04.360721
------------------------
365
96% ja se foi
------------------------
Faltam 1️⃣4️⃣ dias para o carnaval de 2020! 💃🎉🎭
96% do periodo.
postando no try
Postou! no horario:
2020-02-07 11:30:04.360721

------------------------------FIM------------------------------
------------------------------INICIO------------------------------
Execução nº
27

----------------------------
Horario atual do bot
2020-02-07 11:30:25.011978

Proximo post
2020-02-08 11:30:00

Diferença para setar o sleep
86374

----------------------------
Sleep Setado
2020-02-07 11:30:25.012330
Irá Postar
2020-02-08 11:30:04.114791

----------------------------

2020-02-21 00:00:00
2020-01-12 00:00:00
2020-02-08 11:30:04.115223
------------------------
365
96% ja se foi
------------------------
Faltam 1️⃣3️⃣ dias para o carnaval de 2020! 🌈
96% do periodo.
postando no try
Postou! no horario:
2020-02-08 11:30:04.115223

------------------------------FIM------------------------------
------------------------------INICIO------------------------------
Execução nº
28

----------------------------
Horario atual do bot
2020-02-08 11:30:24.724464

Proximo post
2020-02-09 11:30:00

Diferença para setar o sleep
86375

----------------------------
Sleep Setado
2020-02-08 11:30:24.724821
Irá Postar
2020-02-09 11:30:04.827445

----------------------------

2020-02-21 00:00:00
2020-01-12 00:00:00
2020-02-09 11:30:04.827886
------------------------
365
96% ja se foi
------------------------
Faltam 1️⃣2️⃣ dias para o carnaval de 2020! 💃
96% do periodo.
postando no try
Postou! no horario:
2020-02-09 11:30:04.827886

------------------------------FIM------------------------------
------------------------------INICIO------------------------------
Execução nº
29

----------------------------
Horario atual do bot
2020-02-09 11:30:25.475003

Proximo post
2020-02-10 11:30:00

Diferença para setar o sleep
86374

----------------------------
Sleep Setado
2020-02-09 11:30:25.475329
Irá Postar
2020-02-10 11:30:04.520234

----------------------------

2020-02-21 00:00:00
2020-01-12 00:00:00
2020-02-10 11:30:04.520683
------------------------
365
96% ja se foi
------------------------
Faltam 1️⃣1️⃣ dias para o carnaval de 2020! 💃
96% do periodo.
postando no try
Postou! no horario:
2020-02-10 11:30:04.520683

------------------------------FIM------------------------------
------------------------------INICIO------------------------------
Execução nº
30

----------------------------
Horario atual do bot
2020-02-10 11:30:25.168477

Proximo post
2020-02-11 11:30:00

Diferença para setar o sleep
86374

----------------------------
Sleep Setado
2020-02-10 11:30:25.168759
Irá Postar
2020-02-11 11:30:04.271325

----------------------------

2020-02-21 00:00:00
2020-01-12 00:00:00
2020-02-11 11:30:04.271736
------------------------
365
97% ja se foi
------------------------
Faltam 1️⃣0️⃣ dias para o carnaval de 2020! 💃
97% do periodo.
postando no try
Postou! no horario:
2020-02-11 11:30:04.271736

------------------------------FIM------------------------------
------------------------------INICIO------------------------------
Execução nº
31

----------------------------
Horario atual do bot
2020-02-11 11:30:24.854839

Proximo post
2020-02-12 11:30:00

Diferença para setar o sleep
86375

----------------------------
Sleep Setado
2020-02-11 11:30:24.855099
Irá Postar
2020-02-12 11:30:04.872455

----------------------------

2020-02-21 00:00:00
2020-01-12 00:00:00
2020-02-12 11:30:04.872904
------------------------
365
97% ja se foi
------------------------
Faltam 9️⃣ dias para o carnaval de 2020! 🎆🎉🎊🎭
97% do periodo.
postando no try
Postou! no horario:
2020-02-12 11:30:04.872904

------------------------------FIM------------------------------
------------------------------INICIO------------------------------
Execução nº
32

----------------------------
Horario atual do bot
2020-02-12 11:30:25.510016

Proximo post
2020-02-13 11:30:00

Diferença para setar o sleep
86374

----------------------------
Sleep Setado
2020-02-12 11:30:25.510334
Irá Postar
2020-02-13 11:30:04.520337

----------------------------

2020-02-21 00:00:00
2020-01-12 00:00:00
2020-02-13 11:30:04.520781
------------------------
365
97% ja se foi
------------------------
Faltam 8️⃣ dias para o carnaval de 2020! 🌈🎉🎊
97% do periodo.
postando no try
Postou! no horario:
2020-02-13 11:30:04.520781

------------------------------FIM------------------------------
------------------------------INICIO------------------------------
Execução nº
33

----------------------------
Horario atual do bot
2020-02-13 11:30:25.207434

Proximo post
2020-02-14 11:30:00

Diferença para setar o sleep
86374

----------------------------
Sleep Setado
2020-02-13 11:30:25.207720
Irá Postar
2020-02-14 11:30:04.284421

----------------------------

2020-02-21 00:00:00
2020-01-12 00:00:00
2020-02-14 11:30:04.284880
------------------------
365
98% ja se foi
------------------------
Faltam 7️⃣ dias para o carnaval de 2020! 💃
98% do periodo.
postando no try
Postou! no horario:
2020-02-14 11:30:04.284880

------------------------------FIM------------------------------
------------------------------INICIO------------------------------
Execução nº
34

----------------------------
Horario atual do bot
2020-02-14 11:30:24.929386

Proximo post
2020-02-15 11:30:00

Diferença para setar o sleep
86375

----------------------------
Sleep Setado
2020-02-14 11:30:24.929713
Irá Postar
2020-02-15 11:30:04.976380

----------------------------

2020-02-21 00:00:00
2020-01-12 00:00:00
2020-02-15 11:30:04.976800
vazio
------------------------
365
98% ja se foi
------------------------
Faltam 6️⃣ dias para o carnaval de 2020! 🎉🎊
98% do periodo.
postando no try
Postou! no horario:
2020-02-15 11:30:04.976800

------------------------------FIM------------------------------
------------------------------INICIO------------------------------
Execução nº
35

----------------------------
Horario atual do bot
2020-02-15 11:30:25.629283

Proximo post
2020-02-16 11:30:00

Diferença para setar o sleep
86374

----------------------------
Sleep Setado
2020-02-15 11:30:25.629627
Irá Postar
2020-02-16 11:30:04.732054

----------------------------

2020-02-21 00:00:00
2020-01-12 00:00:00
2020-02-16 11:30:04.732540
------------------------
365
98% ja se foi
------------------------
Faltam 5️⃣ dias para o carnaval de 2020! 🎉🎊
98% do periodo.
postando no try
Postou! no horario:
2020-02-16 11:30:04.732540

------------------------------FIM------------------------------
------------------------------INICIO------------------------------
Execução nº
36

----------------------------
Horario atual do bot
2020-02-16 11:30:25.434355

Proximo post
2020-02-17 11:30:00

Diferença para setar o sleep
86374

----------------------------
Sleep Setado
2020-02-16 11:30:25.434714
Irá Postar
2020-02-17 11:30:04.520325

----------------------------

2020-02-21 00:00:00
2020-01-12 00:00:00
2020-02-17 11:30:04.520751
------------------------
365
98% ja se foi
------------------------
Faltam 4️⃣ dias para o carnaval de 2020! 🎆🎭
98% do periodo.
postando no try
Postou! no horario:
2020-02-17 11:30:04.520751

------------------------------FIM------------------------------
------------------------------INICIO------------------------------
Execução nº
37

----------------------------
Horario atual do bot
2020-02-17 11:30:25.152181

Proximo post
2020-02-18 11:30:00

Diferença para setar o sleep
86374

----------------------------
Sleep Setado
2020-02-17 11:30:25.152538
Irá Postar
2020-02-18 11:30:04.255014

----------------------------

2020-02-21 00:00:00
2020-01-12 00:00:00
2020-02-18 11:30:04.255453
------------------------
365
99% ja se foi
------------------------
Faltam 3️⃣ dias para o carnaval de 2020! 💃🎭
99% do periodo.
postando no try
Postou! no horario:
2020-02-18 11:30:04.255453

------------------------------FIM------------------------------
------------------------------INICIO------------------------------
Execução nº
38

----------------------------
Horario atual do bot
2020-02-18 11:30:24.958525

Proximo post
2020-02-19 11:30:00

Diferença para setar o sleep
86375

----------------------------
Sleep Setado
2020-02-18 11:30:24.958875
Irá Postar
2020-02-19 11:30:05.032304

----------------------------

2020-02-21 00:00:00
2020-01-12 00:00:00
2020-02-19 11:30:05.032740
------------------------
365
99% ja se foi
------------------------
Faltam 2️⃣ dias para o carnaval de 2020! 🎉🎊🎭
99% do periodo.
postando no try
Postou! no horario:
2020-02-19 11:30:05.032740

------------------------------FIM------------------------------
------------------------------INICIO------------------------------
Execução nº
39

----------------------------
Horario atual do bot
2020-02-19 11:30:25.667902

Proximo post
2020-02-20 11:30:00

Diferença para setar o sleep
86374

----------------------------
Sleep Setado
2020-02-19 11:30:25.668186
Irá Postar
2020-02-20 11:30:04.770759

----------------------------

2020-02-21 00:00:00
2020-01-12 00:00:00
2020-02-20 11:30:04.771188
------------------------
365
99% ja se foi
------------------------
Faltam 1️⃣ dias para o carnaval de 2020! 🎆
99% do periodo.
postando no try
Postou! no horario:
2020-02-20 11:30:04.771188

------------------------------FIM------------------------------
------------------------------INICIO------------------------------
Execução nº
40

----------------------------
Horario atual do bot
2020-02-20 11:30:25.484456

Proximo post
2020-02-21 11:30:00

Diferença para setar o sleep
86374

----------------------------
Sleep Setado
2020-02-20 11:30:25.484764
Irá Postar
2020-02-21 11:30:04.520289

----------------------------

2020-02-21 00:00:00
2020-01-12 00:00:00
2020-02-21 11:30:04.520706
------------------------
365
100% ja se foi
------------------------
Faltam 0️⃣ dias para o carnaval de 2020! 🎉🎊🎭
100% do periodo.
postando no try
Postou! no horario:
2020-02-21 11:30:04.520706

------------------------------FIM------------------------------
------------------------------INICIO------------------------------
Execução nº
41

----------------------------
Horario atual do bot
2020-02-21 11:30:25.305933

Proximo post
2020-02-22 11:30:00

Diferença para setar o sleep
86374

----------------------------
Sleep Setado
2020-02-21 11:30:25.306348
Irá Postar
2020-02-22 11:30:04.360214

----------------------------

2020-02-21 00:00:00
2020-01-12 00:00:00
2020-02-22 11:30:04.360688
Traceback (most recent call last):
  File "bot.py", line 105, in <module>
    main()
  File "bot.py", line 96, in main
    bot()
  File "bot.py", line 21, in bot
    number = int(daysleft[n])
ValueError: invalid literal for int() with base 10: '-'
